2015-04-29 18:47:08.2481|INFO|DbLogger|Возвращаем url из очереди
2015-04-29 18:47:08.2911|INFO|DbLogger|URL: http://lenta.ru/rss
2015-04-29 18:47:11.9391|INFO|DbLogger|Возвращаем url из очереди
2015-04-29 18:47:11.9391|INFO|DbLogger|URL: http://lenta.ru/rss
2015-04-29 18:47:14.5834|INFO|DbLogger|Возвращаем url из очереди
2015-04-29 18:47:14.5834|INFO|DbLogger|URL: http://lenta.ru/rss
2015-04-29 18:47:17.2108|INFO|DbLogger|Возвращаем url из очереди
2015-04-29 18:47:17.2108|INFO|DbLogger|URL: http://lenta.ru/rss
2015-04-29 18:47:19.8471|INFO|DbLogger|Возвращаем url из очереди
2015-04-29 18:47:19.8471|INFO|DbLogger|URL: http://lenta.ru/rss
2015-04-29 18:47:22.4864|INFO|DbLogger|Возвращаем url из очереди
2015-04-29 18:47:22.4864|INFO|DbLogger|URL: http://lenta.ru/rss
2015-04-29 18:47:25.0793|INFO|DbLogger|Возвращаем url из очереди
2015-04-29 18:47:25.0793|INFO|DbLogger|URL: http://lenta.ru/rss
2015-04-29 18:47:27.6996|INFO|DbLogger|Возвращаем url из очереди
2015-04-29 18:47:27.6996|INFO|DbLogger|URL: http://lenta.ru/rss
2015-04-29 18:47:30.3279|INFO|DbLogger|Возвращаем url из очереди
2015-04-29 18:47:30.3279|INFO|DbLogger|URL: http://lenta.ru/rss
2015-04-29 18:47:32.9943|INFO|DbLogger|Возвращаем url из очереди
2015-04-29 18:47:32.9943|INFO|DbLogger|URL: http://lenta.ru/rss
2015-04-29 18:47:35.6171|INFO|DbLogger|Возвращаем url из очереди
2015-04-29 18:47:35.6171|INFO|DbLogger|URL: http://lenta.ru/rss
2015-04-29 18:56:24.2107|INFO|DbLogger|Возвращаем url из очереди
2015-04-29 18:56:24.2217|INFO|DbLogger|URL: http://lenta.ru/rss
2015-04-29 18:56:27.1331|INFO|DbLogger|Возвращаем url из очереди
2015-04-29 18:56:27.1331|INFO|DbLogger|URL: http://lenta.ru/rss
2015-04-29 18:56:29.7929|INFO|DbLogger|Возвращаем url из очереди
2015-04-29 18:56:29.7929|INFO|DbLogger|URL: http://lenta.ru/rss
2015-04-29 18:56:32.4673|INFO|DbLogger|Возвращаем url из очереди
2015-04-29 18:56:32.4673|INFO|DbLogger|URL: http://lenta.ru/rss
2015-04-29 18:56:35.0811|INFO|DbLogger|Возвращаем url из очереди
2015-04-29 18:56:35.0811|INFO|DbLogger|URL: http://lenta.ru/rss
2015-04-29 18:56:37.6844|INFO|DbLogger|Возвращаем url из очереди
2015-04-29 18:56:37.6844|INFO|DbLogger|URL: http://lenta.ru/rss
2015-04-29 18:56:40.3238|INFO|DbLogger|Возвращаем url из очереди
2015-04-29 18:56:40.3238|INFO|DbLogger|URL: http://lenta.ru/rss
2015-04-29 18:56:42.9386|INFO|DbLogger|Возвращаем url из очереди
2015-04-29 18:56:42.9386|INFO|DbLogger|URL: http://lenta.ru/rss
2015-04-29 18:59:18.7474|INFO|DbLogger|Возвращаем url из очереди
2015-04-29 18:59:18.7569|INFO|DbLogger|URL: http://lenta.ru/rss
2015-04-29 18:59:21.5813|INFO|DbLogger|Возвращаем url из очереди
2015-04-29 18:59:21.5813|INFO|DbLogger|URL: http://lenta.ru/rss
2015-04-29 18:59:24.2951|INFO|DbLogger|Возвращаем url из очереди
2015-04-29 18:59:24.2951|INFO|DbLogger|URL: http://lenta.ru/rss
2015-04-29 18:59:26.9619|INFO|DbLogger|Возвращаем url из очереди
2015-04-29 18:59:26.9619|INFO|DbLogger|URL: http://lenta.ru/rss
2015-04-29 18:59:29.6448|INFO|DbLogger|Возвращаем url из очереди
2015-04-29 18:59:29.6448|INFO|DbLogger|URL: http://lenta.ru/rss
2015-04-29 18:59:32.3546|INFO|DbLogger|Возвращаем url из очереди
2015-04-29 18:59:32.3546|INFO|DbLogger|URL: http://lenta.ru/rss
2015-04-29 19:03:55.3845|INFO|DbLogger|Возвращаем url из очереди
2015-04-29 19:03:55.3845|INFO|DbLogger|URL: http://lenta.ru/rss
2015-04-29 19:03:58.5294|INFO|DbLogger|Возвращаем url из очереди
2015-04-29 19:03:58.5294|INFO|DbLogger|URL: http://lenta.ru/rss
2015-04-29 19:04:01.4308|INFO|DbLogger|Возвращаем url из очереди
2015-04-29 19:04:01.4308|INFO|DbLogger|URL: http://lenta.ru/rss
2015-04-29 19:04:04.1061|INFO|DbLogger|Возвращаем url из очереди
2015-04-29 19:04:04.1061|INFO|DbLogger|URL: http://lenta.ru/rss
2015-04-29 19:04:06.8025|INFO|DbLogger|Возвращаем url из очереди
2015-04-29 19:04:06.8025|INFO|DbLogger|URL: http://lenta.ru/rss
2015-04-29 19:04:09.5033|INFO|DbLogger|Возвращаем url из очереди
2015-04-29 19:04:09.5033|INFO|DbLogger|URL: http://lenta.ru/rss
2015-04-29 19:04:12.1762|INFO|DbLogger|Возвращаем url из очереди
2015-04-29 19:04:12.1762|INFO|DbLogger|URL: http://lenta.ru/rss
2015-04-29 19:04:14.8720|INFO|DbLogger|Возвращаем url из очереди
2015-04-29 19:04:14.8720|INFO|DbLogger|URL: http://lenta.ru/rss
2015-04-29 19:04:17.5603|INFO|DbLogger|Возвращаем url из очереди
2015-04-29 19:04:17.5603|INFO|DbLogger|URL: http://lenta.ru/rss
2015-04-29 19:04:20.2152|INFO|DbLogger|Возвращаем url из очереди
2015-04-29 19:04:20.2152|INFO|DbLogger|URL: http://lenta.ru/rss
2015-04-29 19:04:22.8925|INFO|DbLogger|Возвращаем url из очереди
2015-04-29 19:04:22.8925|INFO|DbLogger|URL: http://lenta.ru/rss
2015-04-29 19:04:25.5734|INFO|DbLogger|Возвращаем url из очереди
2015-04-29 19:04:25.5734|INFO|DbLogger|URL: http://lenta.ru/rss
2015-04-29 19:04:28.3117|INFO|DbLogger|Возвращаем url из очереди
2015-04-29 19:04:28.3117|INFO|DbLogger|URL: http://lenta.ru/rss
2015-04-29 19:04:30.9820|INFO|DbLogger|Возвращаем url из очереди
2015-04-29 19:04:30.9820|INFO|DbLogger|URL: http://lenta.ru/rss
2015-04-29 19:04:33.6589|INFO|DbLogger|Возвращаем url из очереди
2015-04-29 19:04:33.6589|INFO|DbLogger|URL: http://lenta.ru/rss
2015-04-29 19:04:36.3862|INFO|DbLogger|Возвращаем url из очереди
2015-04-29 19:04:36.3862|INFO|DbLogger|URL: http://lenta.ru/rss
2015-04-29 19:04:39.0891|INFO|DbLogger|Возвращаем url из очереди
2015-04-29 19:04:39.0891|INFO|DbLogger|URL: http://lenta.ru/rss
2015-04-29 19:04:41.8159|INFO|DbLogger|Возвращаем url из очереди
2015-04-29 19:04:41.8159|INFO|DbLogger|URL: http://lenta.ru/rss
2015-04-29 19:04:44.5288|INFO|DbLogger|Возвращаем url из очереди
2015-04-29 19:04:44.5288|INFO|DbLogger|URL: http://lenta.ru/rss
2015-04-29 19:04:47.2216|INFO|DbLogger|Возвращаем url из очереди
2015-04-29 19:04:47.2216|INFO|DbLogger|URL: http://lenta.ru/rss
2015-04-29 19:04:49.9095|INFO|DbLogger|Возвращаем url из очереди
2015-04-29 19:04:49.9095|INFO|DbLogger|URL: http://lenta.ru/rss
2015-04-29 19:04:54.5700|INFO|DbLogger|Возвращаем url из очереди
2015-04-29 19:04:54.5700|INFO|DbLogger|URL: http://lenta.ru/rss
2015-04-29 19:04:57.3979|INFO|DbLogger|Возвращаем url из очереди
2015-04-29 19:04:57.3979|INFO|DbLogger|URL: http://lenta.ru/rss
2015-04-29 19:05:12.6723|INFO|DbLogger|Возвращаем url из очереди
2015-04-29 19:05:12.6933|INFO|DbLogger|URL: http://lenta.ru/rss
2015-04-29 19:05:15.3847|INFO|DbLogger|Возвращаем url из очереди
2015-04-29 19:05:15.3847|INFO|DbLogger|URL: http://lenta.ru/rss
2015-04-29 19:05:18.0770|INFO|DbLogger|Возвращаем url из очереди
2015-04-29 19:05:18.0770|INFO|DbLogger|URL: http://lenta.ru/rss
2015-04-29 19:05:20.7589|INFO|DbLogger|Возвращаем url из очереди
2015-04-29 19:05:20.7589|INFO|DbLogger|URL: http://lenta.ru/rss
2015-04-29 19:05:23.4557|INFO|DbLogger|Возвращаем url из очереди
2015-04-29 19:05:23.4557|INFO|DbLogger|URL: http://lenta.ru/rss
2015-04-29 19:14:24.3164|INFO|DbLogger|Возвращаем url из очереди
2015-04-29 19:14:24.3309|INFO|DbLogger|URL: http://lenta.ru/rss
2015-04-29 19:14:27.6768|INFO|DbLogger|Возвращаем url из очереди
2015-04-29 19:14:27.6768|INFO|DbLogger|URL: http://lenta.ru/rss
2015-04-29 19:14:30.7552|INFO|DbLogger|Возвращаем url из очереди
2015-04-29 19:14:30.7552|INFO|DbLogger|URL: http://lenta.ru/rss
2015-04-29 19:14:33.8696|INFO|DbLogger|Возвращаем url из очереди
2015-04-29 19:14:33.8696|INFO|DbLogger|URL: http://lenta.ru/rss
2015-04-29 19:14:36.9900|INFO|DbLogger|Возвращаем url из очереди
2015-04-29 19:14:36.9900|INFO|DbLogger|URL: http://lenta.ru/rss
2015-04-29 19:14:40.1034|INFO|DbLogger|Возвращаем url из очереди
2015-04-29 19:14:40.1034|INFO|DbLogger|URL: http://lenta.ru/rss
2015-04-29 19:14:43.2353|INFO|DbLogger|Возвращаем url из очереди
2015-04-29 19:14:43.2353|INFO|DbLogger|URL: http://lenta.ru/rss
2015-04-29 19:14:46.3492|INFO|DbLogger|Возвращаем url из очереди
2015-04-29 19:14:46.3492|INFO|DbLogger|URL: http://lenta.ru/rss
2015-04-29 19:14:49.4631|INFO|DbLogger|Возвращаем url из очереди
2015-04-29 19:14:49.4631|INFO|DbLogger|URL: http://lenta.ru/rss
2015-04-29 19:17:57.9705|INFO|DbLogger|Возвращаем url из очереди
2015-04-29 19:17:57.9705|INFO|DbLogger|URL: http://lenta.ru/rss
2015-04-29 19:18:50.4052|INFO|DbLogger|Возвращаем url из очереди
2015-04-29 19:18:50.4227|INFO|DbLogger|URL: http://lenta.ru/rss
2015-04-29 19:19:01.3571|INFO|DbLogger|Возвращаем url из очереди
2015-04-29 19:19:01.3571|INFO|DbLogger|URL: http://lenta.ru/rss
2015-04-29 19:20:15.9630|INFO|DbLogger|Возвращаем url из очереди
2015-04-29 19:20:15.9715|INFO|DbLogger|URL: http://lenta.ru/rss
2015-04-29 19:20:16.5321|INFO|DbLogger|Удаляем из очереди site_page_id = 2075
2015-04-29 19:20:20.6316|INFO|DbLogger|Добавляем в очередь url по запросу из базы
2015-04-29 19:20:20.6316|INFO|DbLogger|URL: http://lenta.ru/info/
2015-04-29 19:20:28.7262|INFO|DbLogger|Удаляем из очереди site_page_id = 2076
2015-04-29 19:20:32.7647|INFO|DbLogger|Добавляем в очередь url по запросу из базы
2015-04-29 19:20:32.7647|INFO|DbLogger|URL: http://lenta.ru/info/posts/mediakit/
2015-04-29 19:20:40.8882|INFO|DbLogger|Удаляем из очереди site_page_id = 2077
2015-04-29 19:20:44.8997|INFO|DbLogger|Добавляем в очередь url по запросу из базы
2015-04-29 19:20:44.8997|INFO|DbLogger|URL: http://lenta.ru/rubrics/russia/politic/
2015-04-29 19:21:34.6295|INFO|DbLogger|Удаляем из очереди site_page_id = 2078
2015-04-29 19:21:36.7358|INFO|DbLogger|Добавляем в очередь url по запросу из базы
2015-04-29 19:21:36.7358|INFO|DbLogger|URL: http://lenta.ru/rubrics/russia/politic/
2015-04-29 19:21:41.2284|INFO|DbLogger|Удаляем из очереди site_page_id = 2078
2015-04-29 19:21:45.2109|INFO|DbLogger|Добавляем в очередь url по запросу из базы
2015-04-29 19:21:45.2109|INFO|DbLogger|URL: http://lenta.ru/rubrics/russia/society/
2015-04-29 19:21:55.0721|INFO|DbLogger|Удаляем из очереди site_page_id = 2079
2015-04-29 19:21:57.1959|INFO|DbLogger|Добавляем в очередь url по запросу из базы
2015-04-29 19:21:57.1959|INFO|DbLogger|URL: http://lenta.ru/rubrics/russia/society/
2015-04-29 19:22:01.4379|INFO|DbLogger|Удаляем из очереди site_page_id = 2079
2015-04-29 19:22:05.4199|INFO|DbLogger|Добавляем в очередь url по запросу из базы
2015-04-29 19:22:05.4199|INFO|DbLogger|URL: http://lenta.ru/rubrics/russia/auto/
2015-04-29 19:22:10.6151|INFO|DbLogger|Удаляем из очереди site_page_id = 2080
2015-04-29 19:22:12.7239|INFO|DbLogger|Добавляем в очередь url по запросу из базы
2015-04-29 19:22:12.7239|INFO|DbLogger|URL: http://lenta.ru/rubrics/russia/auto/
2015-04-29 19:22:16.7174|INFO|DbLogger|Удаляем из очереди site_page_id = 2080
2015-04-29 19:22:20.6999|INFO|DbLogger|Добавляем в очередь url по запросу из базы
2015-04-29 19:22:20.6999|INFO|DbLogger|URL: http://lenta.ru/rubrics/russia/accident/
2015-04-29 19:22:25.8950|INFO|DbLogger|Удаляем из очереди site_page_id = 2081
2015-04-29 19:22:28.0053|INFO|DbLogger|Добавляем в очередь url по запросу из базы
2015-04-29 19:22:28.0058|INFO|DbLogger|URL: http://lenta.ru/rubrics/russia/accident/
2015-04-29 19:22:32.0103|INFO|DbLogger|Удаляем из очереди site_page_id = 2081
2015-04-29 19:22:35.9958|INFO|DbLogger|Добавляем в очередь url по запросу из базы
2015-04-29 19:22:35.9958|INFO|DbLogger|URL: http://lenta.ru/rubrics/russia/catastrophe/
2015-04-29 19:22:40.9465|INFO|DbLogger|Удаляем из очереди site_page_id = 2082
2015-04-29 19:22:43.0597|INFO|DbLogger|Добавляем в очередь url по запросу из базы
2015-04-29 19:22:43.0602|INFO|DbLogger|URL: http://lenta.ru/rubrics/russia/catastrophe/
2015-04-29 19:25:31.9807|INFO|DbLogger|Добавляем в очередь url по запросу из базы
2015-04-29 19:25:31.9962|INFO|DbLogger|URL: http://lenta.ru/rubrics/russia/moscow/
2015-04-29 19:25:40.9638|INFO|DbLogger|Удаляем из очереди site_page_id = 2083
2015-04-29 19:25:45.1043|INFO|DbLogger|Добавляем в очередь url по запросу из базы
2015-04-29 19:25:45.1043|INFO|DbLogger|URL: http://lenta.ru/rubrics/russia/regions/
2015-04-29 19:25:53.6489|INFO|DbLogger|Удаляем из очереди site_page_id = 2084
2015-04-29 19:29:22.1829|INFO|DbLogger|Добавляем в очередь url по запросу из базы
2015-04-29 19:29:22.1979|INFO|DbLogger|URL: http://lenta.ru/rubrics/russia/regions/
2015-04-29 19:29:32.2207|INFO|DbLogger|Удаляем из очереди site_page_id = 2084
2015-04-29 19:29:34.3184|INFO|DbLogger|Добавляем в очередь url по запросу из базы
2015-04-29 19:29:34.3184|INFO|DbLogger|URL: http://lenta.ru/2015/04/26/
2015-04-29 19:29:46.2425|INFO|DbLogger|Добавляем в очередь url по запросу из базы
2015-04-29 19:29:46.2425|INFO|DbLogger|URL: http://lenta.ru/2015/04/26/
2015-04-29 19:29:51.8172|INFO|DbLogger|Удаляем из очереди site_page_id = 2085
2015-04-29 19:29:54.5955|INFO|DbLogger|Добавляем в очередь url по запросу из базы
2015-04-29 19:29:54.5955|INFO|DbLogger|URL: http://lenta.ru/articles/2015/04/24/crimea/
2015-04-29 19:29:55.9927|INFO|DbLogger|Удаляем из очереди site_page_id = 2085
2015-04-29 19:30:04.1182|INFO|DbLogger|Добавляем в очередь url по запросу из базы
2015-04-29 19:30:04.1182|INFO|DbLogger|URL: http://lenta.ru/articles/2015/04/24/crimea/
2015-04-29 19:30:09.4424|INFO|DbLogger|Удаляем из очереди site_page_id = 2086
2015-04-29 19:30:12.2173|INFO|DbLogger|Добавляем в очередь url по запросу из базы
2015-04-29 19:30:12.2173|INFO|DbLogger|URL: http://lenta.ru/news/2015/04/24/minzdravbash/
2015-04-29 19:30:13.6049|INFO|DbLogger|Удаляем из очереди site_page_id = 2086
2015-04-29 20:14:01.6997|INFO|DbLogger|Добавляем в очередь url по запросу из базы
2015-04-29 20:14:01.7117|INFO|DbLogger|URL: http://lenta.ru/news/2015/04/24/minzdravbash/
2015-04-29 20:14:16.5756|INFO|DbLogger|Удаляем из очереди site_page_id = 2087
2015-04-29 20:14:18.7603|INFO|DbLogger|Добавляем в очередь url по запросу из базы
2015-04-29 20:14:18.7603|INFO|DbLogger|URL: http://lenta.ru/news/2015/04/24/aborty/
2015-04-29 20:14:28.3575|INFO|DbLogger|Добавляем в очередь url по запросу из базы
2015-04-29 20:14:28.3575|INFO|DbLogger|URL: http://lenta.ru/articles/2015/04/24/vvparm/
2015-04-29 20:14:34.1553|INFO|DbLogger|Удаляем из очереди site_page_id = 2088
2015-04-29 20:14:37.0562|INFO|DbLogger|Добавляем в очередь url по запросу из базы
2015-04-29 20:14:37.0562|INFO|DbLogger|URL: http://lenta.ru/news/2015/04/24/evreivssanctions/
2015-04-29 20:14:38.5023|INFO|DbLogger|Удаляем из очереди site_page_id = 2089
2015-04-29 20:14:45.4952|INFO|DbLogger|Добавляем в очередь url по запросу из базы
2015-04-29 20:14:45.4952|INFO|DbLogger|URL: http://lenta.ru/news/2015/04/24/zaryadye/
2015-04-29 20:14:47.6600|INFO|DbLogger|Добавляем в очередь url по запросу из базы
2015-04-29 20:14:47.6600|INFO|DbLogger|URL: http://lenta.ru/articles/2015/04/23/brend/
2015-04-29 20:14:52.5131|INFO|DbLogger|Удаляем из очереди site_page_id = 2090
2015-04-29 20:14:59.3060|INFO|DbLogger|Добавляем в очередь url по запросу из базы
2015-04-29 20:14:59.3060|INFO|DbLogger|URL: http://lenta.ru/news/2015/04/24/apology/
2015-04-29 20:15:01.4728|INFO|DbLogger|Удаляем из очереди site_page_id = 2091
2015-04-29 20:15:06.7959|INFO|DbLogger|Удаляем из очереди site_page_id = 2092
